{"name": "test_soft_assertions", "status": "failed", "statusDetails": {"message": "AssertionError: \u001b[31mFAILURE: \u001b[0mcheck Google Chrome == Google\n\u001b[31mpytest\\test_soft_assertions.py\u001b[0m:17 in test_soft_assertions() -> check.equal(expected_title, actual_title)\n\n------------------------------------------------------------\nFailed Checks: 1", "trace": "\u001b[31mFAILURE: \u001b[0mcheck Google Chrome == Google\n\u001b[31mpytest\\test_soft_assertions.py\u001b[0m:17 in test_soft_assertions() -> check.equal(expected_title, actual_title)\n\n------------------------------------------------------------\nFailed Checks: 1"}, "start": 1748923168842, "stop": 1748923177120, "uuid": "4148eceb-410a-41a3-a235-3518b88e2f26", "historyId": "c7b7b5bb9389f8b23ec913db5fcc079b", "testCaseId": "c7b7b5bb9389f8b23ec913db5fcc079b", "fullName": "pytest.test_soft_assertions#test_soft_assertions", "labels": [{"name": "severity", "value": "blocker"}, {"name": "parentSuite", "value": "pytest"}, {"name": "suite", "value": "test_soft_assertions"}, {"name": "host", "value": "DESKTOP-0O37NSB"}, {"name": "thread", "value": "11820-MainThread"}, {"name": "framework", "value": "pytest"}, {"name": "language", "value": "cpython3"}, {"name": "package", "value": "pytest.test_soft_assertions"}]}